{ t: 'cacao' }
{ t: 'cacao' }
{ t: 'cacao' }
{ test: 'caca' }
{ test: 'caca' }
{ test: 'caca' }
{ test: 'caca' }
Connected: 1
Valid key 1 {"name":"caca"}

{ event: 'new_player', player: { name: 'caca', player_id: 1 } }
{"event":"new_player","player":{"name":"caca","player_id":1}}

Connected: 2
Invalid key 2 {"name":"tras"{

Connected: 3
Valid key 3 {"name":"tras"}

{ event: 'new_player', player: { name: 'tras', player_id: 3 } }
{"event":"new_player","player":{"name":"tras","player_id":3}}

Client disconnected: 1
Client disconnected: 1
Connected: 1
Valid key 1 {"name":"strut"}

{"event":"new_player","player":{"name":"strut","player_id":1}}

